Determining if the function fseek64 exists failed with the following output:
Change Dir: /home/youwei/Product/xpdf-4.02/CMakeFiles/CMakeTmp

Run Build Command:"/usr/bin/make" "cmTC_f91a2/fast"
/usr/bin/make -f CMakeFiles/cmTC_f91a2.dir/build.make CMakeFiles/cmTC_f91a2.dir/build
make[1]: Entering directory '/home/youwei/Product/xpdf-4.02/CMakeFiles/CMakeTmp'
Building C object CMakeFiles/cmTC_f91a2.dir/CheckFunctionExists.c.o
/usr/bin/cc    -DCHECK_FUNCTION_EXISTS=fseek64   -o CMakeFiles/cmTC_f91a2.dir/CheckFunctionExists.c.o   -c /usr/share/cmake-3.5/Modules/CheckFunctionExists.c
Linking C executable cmTC_f91a2
/usr/bin/cmake -E cmake_link_script CMakeFiles/cmTC_f91a2.dir/link.txt --verbose=1
/usr/bin/cc   -DCHECK_FUNCTION_EXISTS=fseek64    CMakeFiles/cmTC_f91a2.dir/CheckFunctionExists.c.o  -o cmTC_f91a2 -rdynamic 
CMakeFiles/cmTC_f91a2.dir/CheckFunctionExists.c.o: In function `main':
CheckFunctionExists.c:(.text+0x15): undefined reference to `fseek64'
collect2: error: ld returned 1 exit status
CMakeFiles/cmTC_f91a2.dir/build.make:97: recipe for target 'cmTC_f91a2' failed
make[1]: *** [cmTC_f91a2] Error 1
make[1]: Leaving directory '/home/youwei/Product/xpdf-4.02/CMakeFiles/CMakeTmp'
Makefile:126: recipe for target 'cmTC_f91a2/fast' failed
make: *** [cmTC_f91a2/fast] Error 2


Determining if the function _fseeki64 exists failed with the following output:
Change Dir: /home/youwei/Product/xpdf-4.02/CMakeFiles/CMakeTmp

Run Build Command:"/usr/bin/make" "cmTC_73c05/fast"
/usr/bin/make -f CMakeFiles/cmTC_73c05.dir/build.make CMakeFiles/cmTC_73c05.dir/build
make[1]: Entering directory '/home/youwei/Product/xpdf-4.02/CMakeFiles/CMakeTmp'
Building C object CMakeFiles/cmTC_73c05.dir/CheckFunctionExists.c.o
/usr/bin/cc    -DCHECK_FUNCTION_EXISTS=_fseeki64   -o CMakeFiles/cmTC_73c05.dir/CheckFunctionExists.c.o   -c /usr/share/cmake-3.5/Modules/CheckFunctionExists.c
Linking C executable cmTC_73c05
/usr/bin/cmake -E cmake_link_script CMakeFiles/cmTC_73c05.dir/link.txt --verbose=1
/usr/bin/cc   -DCHECK_FUNCTION_EXISTS=_fseeki64    CMakeFiles/cmTC_73c05.dir/CheckFunctionExists.c.o  -o cmTC_73c05 -rdynamic 
CMakeFiles/cmTC_73c05.dir/CheckFunctionExists.c.o: In function `main':
CheckFunctionExists.c:(.text+0x15): undefined reference to `_fseeki64'
collect2: error: ld returned 1 exit status
CMakeFiles/cmTC_73c05.dir/build.make:97: recipe for target 'cmTC_73c05' failed
make[1]: *** [cmTC_73c05] Error 1
make[1]: Leaving directory '/home/youwei/Product/xpdf-4.02/CMakeFiles/CMakeTmp'
Makefile:126: recipe for target 'cmTC_73c05/fast' failed
make: *** [cmTC_73c05/fast] Error 2


Determining if the Q_WS_WIN exist failed with the following output:
Change Dir: /home/youwei/Product/xpdf-4.02/CMakeFiles/CMakeTmp

Run Build Command:"/usr/bin/make" "cmTC_b3c02/fast"
/usr/bin/make -f CMakeFiles/cmTC_b3c02.dir/build.make CMakeFiles/cmTC_b3c02.dir/build
make[1]: Entering directory '/home/youwei/Product/xpdf-4.02/CMakeFiles/CMakeTmp'
Building CXX object CMakeFiles/cmTC_b3c02.dir/CheckSymbolExists.cxx.o
/usr/bin/c++    -I/usr/include/qt4   -o CMakeFiles/cmTC_b3c02.dir/CheckSymbolExists.cxx.o -c /home/youwei/Product/xpdf-4.02/CMakeFiles/CMakeTmp/CheckSymbolExists.cxx
/home/youwei/Product/xpdf-4.02/CMakeFiles/CMakeTmp/CheckSymbolExists.cxx: In function ‘int main(int, char**)’:
/home/youwei/Product/xpdf-4.02/CMakeFiles/CMakeTmp/CheckSymbolExists.cxx:8:19: error: ‘Q_WS_WIN’ was not declared in this scope
   return ((int*)(&Q_WS_WIN))[argc];
                   ^~~~~~~~
/home/youwei/Product/xpdf-4.02/CMakeFiles/CMakeTmp/CheckSymbolExists.cxx:8:19: note: suggested alternative: ‘Q_WS_X11’
   return ((int*)(&Q_WS_WIN))[argc];
                   ^~~~~~~~
                   Q_WS_X11
CMakeFiles/cmTC_b3c02.dir/build.make:65: recipe for target 'CMakeFiles/cmTC_b3c02.dir/CheckSymbolExists.cxx.o' failed
make[1]: *** [CMakeFiles/cmTC_b3c02.dir/CheckSymbolExists.cxx.o] Error 1
make[1]: Leaving directory '/home/youwei/Product/xpdf-4.02/CMakeFiles/CMakeTmp'
Makefile:126: recipe for target 'cmTC_b3c02/fast' failed
make: *** [cmTC_b3c02/fast] Error 2

File /home/youwei/Product/xpdf-4.02/CMakeFiles/CMakeTmp/CheckSymbolExists.cxx:
/* */
#include <QtCore/qglobal.h>

int main(int argc, char** argv)
{
  (void)argv;
#ifndef Q_WS_WIN
  return ((int*)(&Q_WS_WIN))[argc];
#else
  (void)argc;
  return 0;
#endif
}

Determining if the Q_WS_QWS exist failed with the following output:
Change Dir: /home/youwei/Product/xpdf-4.02/CMakeFiles/CMakeTmp

Run Build Command:"/usr/bin/make" "cmTC_86ee6/fast"
/usr/bin/make -f CMakeFiles/cmTC_86ee6.dir/build.make CMakeFiles/cmTC_86ee6.dir/build
make[1]: Entering directory '/home/youwei/Product/xpdf-4.02/CMakeFiles/CMakeTmp'
Building CXX object CMakeFiles/cmTC_86ee6.dir/CheckSymbolExists.cxx.o
/usr/bin/c++    -I/usr/include/qt4   -o CMakeFiles/cmTC_86ee6.dir/CheckSymbolExists.cxx.o -c /home/youwei/Product/xpdf-4.02/CMakeFiles/CMakeTmp/CheckSymbolExists.cxx
/home/youwei/Product/xpdf-4.02/CMakeFiles/CMakeTmp/CheckSymbolExists.cxx: In function ‘int main(int, char**)’:
/home/youwei/Product/xpdf-4.02/CMakeFiles/CMakeTmp/CheckSymbolExists.cxx:8:19: error: ‘Q_WS_QWS’ was not declared in this scope
   return ((int*)(&Q_WS_QWS))[argc];
                   ^~~~~~~~
/home/youwei/Product/xpdf-4.02/CMakeFiles/CMakeTmp/CheckSymbolExists.cxx:8:19: note: suggested alternative: ‘Q_WS_X11’
   return ((int*)(&Q_WS_QWS))[argc];
                   ^~~~~~~~
                   Q_WS_X11
CMakeFiles/cmTC_86ee6.dir/build.make:65: recipe for target 'CMakeFiles/cmTC_86ee6.dir/CheckSymbolExists.cxx.o' failed
make[1]: *** [CMakeFiles/cmTC_86ee6.dir/CheckSymbolExists.cxx.o] Error 1
make[1]: Leaving directory '/home/youwei/Product/xpdf-4.02/CMakeFiles/CMakeTmp'
Makefile:126: recipe for target 'cmTC_86ee6/fast' failed
make: *** [cmTC_86ee6/fast] Error 2

File /home/youwei/Product/xpdf-4.02/CMakeFiles/CMakeTmp/CheckSymbolExists.cxx:
/* */
#include <QtCore/qglobal.h>

int main(int argc, char** argv)
{
  (void)argv;
#ifndef Q_WS_QWS
  return ((int*)(&Q_WS_QWS))[argc];
#else
  (void)argc;
  return 0;
#endif
}

Determining if the Q_WS_MAC exist failed with the following output:
Change Dir: /home/youwei/Product/xpdf-4.02/CMakeFiles/CMakeTmp

Run Build Command:"/usr/bin/make" "cmTC_768a8/fast"
/usr/bin/make -f CMakeFiles/cmTC_768a8.dir/build.make CMakeFiles/cmTC_768a8.dir/build
make[1]: Entering directory '/home/youwei/Product/xpdf-4.02/CMakeFiles/CMakeTmp'
Building CXX object CMakeFiles/cmTC_768a8.dir/CheckSymbolExists.cxx.o
/usr/bin/c++    -I/usr/include/qt4   -o CMakeFiles/cmTC_768a8.dir/CheckSymbolExists.cxx.o -c /home/youwei/Product/xpdf-4.02/CMakeFiles/CMakeTmp/CheckSymbolExists.cxx
/home/youwei/Product/xpdf-4.02/CMakeFiles/CMakeTmp/CheckSymbolExists.cxx: In function ‘int main(int, char**)’:
/home/youwei/Product/xpdf-4.02/CMakeFiles/CMakeTmp/CheckSymbolExists.cxx:8:19: error: ‘Q_WS_MAC’ was not declared in this scope
   return ((int*)(&Q_WS_MAC))[argc];
                   ^~~~~~~~
/home/youwei/Product/xpdf-4.02/CMakeFiles/CMakeTmp/CheckSymbolExists.cxx:8:19: note: suggested alternative: ‘Q_WS_X11’
   return ((int*)(&Q_WS_MAC))[argc];
                   ^~~~~~~~
                   Q_WS_X11
CMakeFiles/cmTC_768a8.dir/build.make:65: recipe for target 'CMakeFiles/cmTC_768a8.dir/CheckSymbolExists.cxx.o' failed
make[1]: *** [CMakeFiles/cmTC_768a8.dir/CheckSymbolExists.cxx.o] Error 1
make[1]: Leaving directory '/home/youwei/Product/xpdf-4.02/CMakeFiles/CMakeTmp'
Makefile:126: recipe for target 'cmTC_768a8/fast' failed
make: *** [cmTC_768a8/fast] Error 2

File /home/youwei/Product/xpdf-4.02/CMakeFiles/CMakeTmp/CheckSymbolExists.cxx:
/* */
#include <QtCore/qglobal.h>

int main(int argc, char** argv)
{
  (void)argv;
#ifndef Q_WS_MAC
  return ((int*)(&Q_WS_MAC))[argc];
#else
  (void)argc;
  return 0;
#endif
}

Determining if the pthread_create exist failed with the following output:
Change Dir: /home/youwei/Product/xpdf-4.02/CMakeFiles/CMakeTmp

Run Build Command:"/usr/bin/make" "cmTC_c0b89/fast"
/usr/bin/make -f CMakeFiles/cmTC_c0b89.dir/build.make CMakeFiles/cmTC_c0b89.dir/build
make[1]: Entering directory '/home/youwei/Product/xpdf-4.02/CMakeFiles/CMakeTmp'
Building C object CMakeFiles/cmTC_c0b89.dir/CheckSymbolExists.c.o
/usr/bin/cc     -o CMakeFiles/cmTC_c0b89.dir/CheckSymbolExists.c.o   -c /home/youwei/Product/xpdf-4.02/CMakeFiles/CMakeTmp/CheckSymbolExists.c
Linking C executable cmTC_c0b89
/usr/bin/cmake -E cmake_link_script CMakeFiles/cmTC_c0b89.dir/link.txt --verbose=1
/usr/bin/cc       CMakeFiles/cmTC_c0b89.dir/CheckSymbolExists.c.o  -o cmTC_c0b89 -rdynamic 
CMakeFiles/cmTC_c0b89.dir/CheckSymbolExists.c.o: In function `main':
CheckSymbolExists.c:(.text+0x16): undefined reference to `pthread_create'
collect2: error: ld returned 1 exit status
CMakeFiles/cmTC_c0b89.dir/build.make:97: recipe for target 'cmTC_c0b89' failed
make[1]: *** [cmTC_c0b89] Error 1
make[1]: Leaving directory '/home/youwei/Product/xpdf-4.02/CMakeFiles/CMakeTmp'
Makefile:126: recipe for target 'cmTC_c0b89/fast' failed
make: *** [cmTC_c0b89/fast] Error 2

File /home/youwei/Product/xpdf-4.02/CMakeFiles/CMakeTmp/CheckSymbolExists.c:
/* */
#include <pthread.h>

int main(int argc, char** argv)
{
  (void)argv;
#ifndef pthread_create
  return ((int*)(&pthread_create))[argc];
#else
  (void)argc;
  return 0;
#endif
}

Determining if the function pthread_create exists in the pthreads failed with the following output:
Change Dir: /home/youwei/Product/xpdf-4.02/CMakeFiles/CMakeTmp

Run Build Command:"/usr/bin/make" "cmTC_7bd6b/fast"
/usr/bin/make -f CMakeFiles/cmTC_7bd6b.dir/build.make CMakeFiles/cmTC_7bd6b.dir/build
make[1]: Entering directory '/home/youwei/Product/xpdf-4.02/CMakeFiles/CMakeTmp'
Building C object CMakeFiles/cmTC_7bd6b.dir/CheckFunctionExists.c.o
/usr/bin/cc    -DCHECK_FUNCTION_EXISTS=pthread_create   -o CMakeFiles/cmTC_7bd6b.dir/CheckFunctionExists.c.o   -c /usr/share/cmake-3.5/Modules/CheckFunctionExists.c
Linking C executable cmTC_7bd6b
/usr/bin/cmake -E cmake_link_script CMakeFiles/cmTC_7bd6b.dir/link.txt --verbose=1
/usr/bin/cc   -DCHECK_FUNCTION_EXISTS=pthread_create    CMakeFiles/cmTC_7bd6b.dir/CheckFunctionExists.c.o  -o cmTC_7bd6b -rdynamic -lpthreads 
/usr/bin/ld: cannot find -lpthreads
collect2: error: ld returned 1 exit status
CMakeFiles/cmTC_7bd6b.dir/build.make:97: recipe for target 'cmTC_7bd6b' failed
make[1]: *** [cmTC_7bd6b] Error 1
make[1]: Leaving directory '/home/youwei/Product/xpdf-4.02/CMakeFiles/CMakeTmp'
Makefile:126: recipe for target 'cmTC_7bd6b/fast' failed
make: *** [cmTC_7bd6b/fast] Error 2


